Traceback (most recent call last):
  File "C:\Users\paul.loja\PYPROYECTOS\Data-LakeHouse\Data-LakeHouse\venv\Lib\site-packages\pandas\core\indexes\base.py", line 3641, in get_loc
    return self._engine.get_loc(casted_key)
           ^^^^^^^^^^^^^^^^^^^^^^^^^^^^^^^^
  File "pandas/_libs/index.pyx", line 168, in pandas._libs.index.IndexEngine.get_loc
  File "pandas/_libs/index.pyx", line 197, in pandas._libs.index.IndexEngine.get_loc
  File "pandas/_libs/hashtable_class_helper.pxi", line 7668, in pandas._libs.hashtable.PyObjectHashTable.get_item
  File "pandas/_libs/hashtable_class_helper.pxi", line 7676, in pandas._libs.hashtable.PyObjectHashTable.get_item
KeyError: 'fecha_inicio_cosecha'

The above exception was the direct cause of the following exception:

Traceback (most recent call last):
  File "C:\Users\paul.loja\PYPROYECTOS\Data-LakeHouse\Data-LakeHouse\src\audit\audit_harvest_start_ml2.py", line 245, in <module>
    main()
  File "C:\Users\paul.loja\PYPROYECTOS\Data-LakeHouse\Data-LakeHouse\src\audit\audit_harvest_start_ml2.py", line 81, in main
    df["err_ml1_days"] = (df["fecha_inicio_cosecha"] - df["harvest_start_pred"]).dt.days
                          ~~^^^^^^^^^^^^^^^^^^^^^^^^
  File "C:\Users\paul.loja\PYPROYECTOS\Data-LakeHouse\Data-LakeHouse\venv\Lib\site-packages\pandas\core\frame.py", line 4378, in __getitem__
    indexer = self.columns.get_loc(key)
              ^^^^^^^^^^^^^^^^^^^^^^^^^
  File "C:\Users\paul.loja\PYPROYECTOS\Data-LakeHouse\Data-LakeHouse\venv\Lib\site-packages\pandas\core\indexes\base.py", line 3648, in get_loc
    raise KeyError(key) from err
KeyError: 'fecha_inicio_cosecha'
